  Examination.cpp
  Examinee.cpp
  ExamineeRe.cpp
  ExamineeSet.cpp
  ExamineeView.cpp
  ExitAdd.cpp
  funtion.cpp
funtion.cpp(226): warning C4305: 'return': 從 'int' 轉換為 'bool'，是由較大的類型轉換為較小的類型，可能導致資料遺失
funtion.cpp(250): warning C4305: 'return': 從 'int' 轉換為 'bool'，是由較大的類型轉換為較小的類型，可能導致資料遺失
  grade_report.cpp
  grade_reportRe.cpp
  grade_reportSet.cpp
  grade_reportView.cpp
  MyForm.cpp
  MyForm1.cpp
  MyForm2.cpp
  MyForm3.cpp
  MyForm4.cpp
  MyForm5.cpp
  MyForm6.cpp
  MyForm7.cpp
  MyForm8.cpp
  正在產生程式碼...
e:\works\finalproject database\finalproject\funtion.cpp(235): warning C4715: 'funtion_DB::insertSQL': 不是所有控制路徑都傳回值
e:\works\finalproject database\finalproject\funtion.cpp(255): warning C4715: 'funtion_DB::insertSQL_Counter': 不是所有控制路徑都傳回值
  正在編譯...
  Options.cpp
  Registry.cpp
  RegistryRe.cpp
  RegistrySet.cpp
  RegistryView.cpp
  Sign_In.cpp
  Sign_in1.cpp
  UserSet.cpp
  正在產生程式碼...
  Examination.obj : Managed 程式碼存在時不支援 /DEBUG:FASTLINK; 正在以 /DEBUG:FULL 重新啟動連結
  FinalProject.vcxproj -> E:\Works\FinalProject Database\x64\Debug\FinalProject.exe
  FinalProject.vcxproj -> E:\Works\FinalProject Database\x64\Debug\FinalProject.pdb (Partial PDB)
